[info][2018/07/03 21:57:09][function (exports, require, module, __filename, __dirname) ]:action文件路径为：NaN
[info][2018/07/04 20:30:53][function ()]:action map：[]
[info][2018/07/04 20:33:16][function ()]:action map：[]
[info][2018/07/04 20:34:02][function ()]:action map：[]
[info][2018/07/04 20:36:41][function ()]:action map：[]
[info][2018/07/04 20:38:19][function ()]:action map：[]
[info][2018/07/04 20:38:48][function ()]:action map：[]
[info][2018/07/04 21:40:31][function ()]:action map：[]
[info][2018/07/04 21:48:52][function ()]:action map：[]
[info][2018/07/04 22:09:28][function ()]:action map：[]
[info][2018/07/07 12:14:40][function ()]:action map：[]
[info][2018/07/07 13:36:34][function ()]:action map：[]
[info][2018/07/07 13:51:19][function ()]:action map：[]
[info][2018/07/07 13:52:32][function ()]:action map：[]
[info][2018/07/07 13:54:34][function ()]:action map：[]
[info][2018/07/07 14:02:35][function ()]:action map：[]
[info][2018/07/07 14:11:43][function ()]:action map：[]
[info][2018/07/07 15:25:26][function ()]:action map：[]
[info][2018/07/07 15:33:35][function ()]:action map：[]
[info][2018/07/07 15:35:42][function ()]:action map：[]
[info][2018/07/07 15:36:10][function ()]:action map：[]
[info][2018/07/07 15:36:49][function ()]:action map：[]
[info][2018/07/07 15:38:47][function ()]:action map：["d:/git/robert88.github.io/serveraction/index/addrootpath","d:/git/robert88.github.io/serveraction/index/delrootpath","d:/git/robert88.github.io/serveraction/index/getrootpath"]
[info][2018/07/07 15:40:34][function ()]:action map：["/index/addrootpath","/index/delrootpath","/index/getrootpath"]
[info][2018/07/07 15:43:40][function ()]:action map：["/index/addrootpath","/index/delrootpath","/index/getrootpath"]
[info][2018/07/07 15:47:13][function ()]:action map：["/index/addrootpath","/index/delrootpath","/index/getrootpath"]
[info][2018/07/07 15:47:46][function ()]:action map：["/index/addrootpath","/index/delrootpath","/index/getrootpath"]
[info][2018/07/07 15:58:04][function ()]:action map：["/index/addrootpath","/index/delrootpath","/index/getrootpath"]
[info][2018/07/07 16:01:17][function ()]:action map：["/index/addrootpath","/index/delrootpath","/index/getrootpath"]
[info][2018/07/07 16:34:10][function ()]:action map：["/index/addrootpath","/index/delrootpath","/index/getrootpath"]
[info][2018/07/07 16:52:40][function ()]:action map：["/index/addrootpath","/index/delrootpath","/index/getrootpath"]
[info][2018/07/07 16:53:25][function ()]:action map：["/index/addrootpath","/index/delrootpath","/index/getrootpath"]
[info][2018/07/07 16:55:42][function ()]:action map：["/index/addrootpath","/index/delrootpath","/index/getrootpath","/"]
[info][2018/07/08 07:24:04][function ()]:action map：["/index/addrootpath","/index/delrootpath","/index/getrootpath","/"]
[info][2018/07/08 07:25:29][function ()]:action map：["/index/addrootpath","/index/delrootpath","/index/getrootpath","/"]
[info][2018/07/08 07:39:17][function ()]:action map：["/index/addrootpath","/index/delrootpath","/index/getrootpath","/"]
[info][2018/07/08 10:29:57][function ()]:action map：["/index/addrootpath","/index/delrootpath","/index/getrootpath","/"]
[info][2018/07/08 10:31:05][function ()]:action map：["/index/addrootpath","/index/delrootpath","/index/getrootpath","/"]
[info][2018/07/08 10:31:42][function ()]:action map：["/index/addrootpath","/index/delrootpath","/index/getrootpath","/"]
[info][2018/07/08 10:39:21][function ()]:action map：["/index/addrootpath","/index/delrootpath","/index/getrootpath","/"]
[info][2018/07/08 10:40:29][function ()]:action map：["/index/addrootpath","/index/delrootpath","/index/getrootpath","/"]
[info][2018/07/08 10:58:45][function ()]:action map：["/index/addrootpath","/index/delrootpath","/index/getrootpath","/"]
[info][2018/07/08 20:40:13][function ()]:action map：["/index/addrootpath","/index/delrootpath","/index/getrootpath","/"]
[info][2018/07/08 20:41:17][function ()]:action map：["/index/addrootpath","/index/delrootpath","/index/getrootpath","/"]
[info][2018/07/08 20:46:58][function ()]:action map：["/index/addrootpath","/index/delrootpath","/index/getrootpath","/"]
[info][2018/07/08 20:53:48][function ()]:action map：["/index/addrootpath","/index/delrootpath","/index/getrootpath","/"]
[info][2018/07/09 20:12:31][function ()]:action map：["/index/addrootpath","/index/delrootpath","/index/getrootpath","/"]
[info][2018/07/09 20:17:09][function ()]:action map：["/index/addrootpath","/index/delrootpath","/index/getrootpath","/"]
[info][2018/07/09 20:18:40][function ()]:action map：["/index/addrootpath","/index/delrootpath","/index/getrootpath","/"]
[info][2018/07/13 21:39:10][function ()]:action map：["/index/addrootpath","/index/delrootpath","/index/getrootpath","/"]
[info][2018/07/22 17:15:23][function ()]:action map：["/index/addrootpath","/index/delrootpath","/index/getrootpath","/"]
[info][2018/07/28 20:05:25][function ()]:action map：["/index/addrootpath","/index/delrootpath","/index/getrootpath","/"]
[info][2018/07/29 18:43:21][function ()]:action map：["/index/addrootpath","/index/delrootpath","/index/getrootpath","/"]
[info][2018/07/29 19:58:39][function ()]:action map：["/index/addrootpath","/index/delrootpath","/index/getrootpath","/index/getallhtml","/"]
[info][2018/07/29 20:00:35][function ()]:action map：["/index/addrootpath","/index/delrootpath","/index/getrootpath","/index/getallhtml","/"]
[info][2018/07/29 20:51:10][function ()]:action map：["/index/addrootpath","/index/delrootpath","/index/getrootpath","/index/getallhtml","/"]
[info][2018/07/29 20:52:16][function ()]:action map：["/index/addrootpath","/index/delrootpath","/index/getrootpath","/index/getallhtml","/"]
[info][2018/07/29 21:22:49][function ()]:action map：["/index/addrootpath","/index/delrootpath","/index/getrootpath","/index/getallhtml","/"]
[info][2018/07/29 23:18:29][function ()]:action map：["/index/addrootpath","/index/delrootpath","/index/getrootpath","/index/getallhtml","/"]
[info][2018/07/29 23:34:06][function ()]:action map：["/index/addrootpath","/index/delrootpath","/index/getrootpath","/index/getallhtml","/"]
[info][2018/07/29 23:38:14][function ()]:action map：["/index/addrootpath","/index/delrootpath","/index/getrootpath","/index/getallhtml","/"]
[info][2018/07/31 22:43:41][function ()]:action map：["/index/addrootpath","/index/delrootpath","/index/getrootpath","/index/getallhtml","/"]
[info][2018/07/31 23:01:36][function ()]:action map：["/index/addrootpath","/index/delrootpath","/index/getrootpath","/index/getallhtml","/"]
[info][2018/07/31 23:36:13][function ()]:action map：["/index/addrootpath","/index/delrootpath","/index/getrootpath","/index/getallhtml","/"]
[info][2018/08/01 07:36:01][function ()]:action map：["/index/addrootpath","/index/delrootpath","/index/getrootpath","/index/getallhtml","/"]
[info][2018/08/01 07:37:57][function ()]:action map：["/index/addrootpath","/index/delrootpath","/index/getrootpath","/index/getallhtml","/"]
[info][2018/08/01 07:38:13][function ()]:action map：["/index/addrootpath","/index/delrootpath","/index/getrootpath","/index/getallhtml","/"]
[info][2018/08/01 07:38:33][function ()]:action map：["/index/addrootpath","/index/delrootpath","/index/getrootpath","/index/getallhtml","/"]
[info][2018/08/01 07:40:48][function ()]:action map：["/index/addrootpath","/index/delrootpath","/index/getrootpath","/index/getallhtml","/"]
[info][2018/08/01 07:40:53][function ()]:action map：["/index/addrootpath","/index/delrootpath","/index/getrootpath","/index/getallhtml","/"]
[info][2018/08/01 21:23:15][function ()]:action map：["/index/addrootpath","/index/delrootpath","/index/getrootpath","/index/getallhtml","/"]
[info][2018/08/01 21:29:53][function ()]:action map：["/index/addrootpath","/index/delrootpath","/index/getrootpath","/index/getallhtml","/"]
[info][2018/08/01 21:31:15][function ()]:action map：["/index/addrootpath","/index/delrootpath","/index/getrootpath","/index/getallhtml","/"]
[info][2018/08/01 21:34:39][function ()]:action map：["/index/addrootpath","/index/delrootpath","/index/getrootpath","/index/getallhtml","/"]
[info][2018/08/01 21:35:03][function ()]:action map：["/index/addrootpath","/index/delrootpath","/index/getrootpath","/index/getallhtml","/"]
[info][2018/08/01 21:35:55][function ()]:action map：["/index/addrootpath","/index/delrootpath","/index/getrootpath","/index/getallhtml","/"]
[info][2018/08/01 21:37:16][function ()]:action map：["/index/addrootpath","/index/delrootpath","/index/getrootpath","/index/getallhtml","/"]
[info][2018/08/01 21:38:45][function ()]:action map：["/index/addrootpath","/index/delrootpath","/index/getrootpath","/index/getallhtml","/"]
[info][2018/08/01 21:40:48][function ()]:action map：["/index/addrootpath","/index/delrootpath","/index/getrootpath","/index/getallhtml","/"]
[info][2018/08/01 21:40:52][function ()]:action map：["/index/addrootpath","/index/delrootpath","/index/getrootpath","/index/getallhtml","/"]
[info][2018/08/01 21:42:45][function ()]:action map：["/index/addrootpath","/index/delrootpath","/index/getrootpath","/index/getallhtml","/"]
[info][2018/08/01 21:44:40][function ()]:action map：["/index/addrootpath","/index/delrootpath","/index/getrootpath","/index/getallhtml","/"]
[info][2018/08/01 21:44:42][function ()]:action map：["/index/addrootpath","/index/delrootpath","/index/getrootpath","/index/getallhtml","/"]
[info][2018/08/01 21:54:30][function ()]:action map：["/index/addrootpath","/index/delrootpath","/index/getrootpath","/index/getallhtml","/"]
[info][2018/08/01 21:56:40][function ()]:action map：["/index/addrootpath","/index/delrootpath","/index/getrootpath","/index/getallhtml","/"]
[info][2018/08/01 21:57:24][function ()]:action map：["/index/addrootpath","/index/delrootpath","/index/getrootpath","/index/getallhtml","/"]
[info][2018/08/01 22:07:23][function ()]:action map：["/index/addrootpath","/index/delrootpath","/index/getrootpath","/index/getallhtml","/"]
[info][2018/08/01 22:10:34][function ()]:action map：["/index/addrootpath","/index/delrootpath","/index/getrootpath","/index/getallhtml","/"]
[info][2018/08/01 22:23:50][function ()]:action map：["/index/addrootpath","/index/delrootpath","/index/getrootpath","/index/getallhtml","/"]
[info][2018/08/01 22:23:50][function ()]:action map：["/index/addrootpath","/index/delrootpath","/index/getrootpath","/index/getallhtml","/"]
[info][2018/08/01 22:23:50][function ()]:action map：["/index/addrootpath","/index/delrootpath","/index/getrootpath","/index/getallhtml","/"]
[info][2018/08/01 22:23:50][function ()]:action map：["/index/addrootpath","/index/delrootpath","/index/getrootpath","/index/getallhtml","/"]
[info][2018/08/01 22:38:08][function ()]:action map：["/index/addrootpath","/index/delrootpath","/index/getrootpath","/index/getallhtml","/"]
[info][2018/08/01 22:38:12][function ()]:action map：["/index/addrootpath","/index/delrootpath","/index/getrootpath","/index/getallhtml","/"]
[info][2018/08/01 22:38:13][function ()]:action map：["/index/addrootpath","/index/delrootpath","/index/getrootpath","/index/getallhtml","/"]
[info][2018/08/01 22:39:53][function ()]:action map：["/index/addrootpath","/index/delrootpath","/index/getrootpath","/index/getallhtml","/"]
[info][2018/08/01 22:39:57][function ()]:action map：["/index/addrootpath","/index/delrootpath","/index/getrootpath","/index/getallhtml","/"]
[info][2018/08/01 22:54:55][function ()]:action map：["/index/addrootpath","/index/delrootpath","/index/getrootpath","/index/getallhtml","/"]
[info][2018/08/01 23:09:50][function ()]:action map：["/index/addrootpath","/index/delrootpath","/index/getrootpath","/index/getallhtml","/"]
[info][2018/08/01 23:09:54][function ()]:action map：["/index/addrootpath","/index/delrootpath","/index/getrootpath","/index/getallhtml","/"]
[info][2018/08/01 23:11:17][function ()]:action map：["/index/addrootpath","/index/delrootpath","/index/getrootpath","/index/getallhtml","/"]
[info][2018/08/01 23:11:17][function ()]:action map：["/index/addrootpath","/index/delrootpath","/index/getrootpath","/index/getallhtml","/"]
[info][2018/08/01 23:15:37][function ()]:action map：["/index/addrootpath","/index/delrootpath","/index/getrootpath","/index/getallhtml","/"]
[info][2018/08/01 23:15:43][function ()]:action map：["/index/addrootpath","/index/delrootpath","/index/getrootpath","/index/getallhtml","/"]
[info][2018/08/01 23:15:46][function ()]:action map：["/index/addrootpath","/index/delrootpath","/index/getrootpath","/index/getallhtml","/"]
[info][2018/08/01 23:16:38][function ()]:action map：["/index/addrootpath","/index/delrootpath","/index/getrootpath","/index/getallhtml","/"]
[info][2018/08/01 23:17:17][function ()]:action map：["/index/addrootpath","/index/delrootpath","/index/getrootpath","/index/getallhtml","/"]
[info][2018/08/01 23:17:29][function ()]:action map：["/index/addrootpath","/index/delrootpath","/index/getrootpath","/index/getallhtml","/"]
[info][2018/08/01 23:18:11][function ()]:action map：["/index/addrootpath","/index/delrootpath","/index/getrootpath","/index/getallhtml","/"]
[info][2018/08/01 23:18:12][function ()]:action map：["/index/addrootpath","/index/delrootpath","/index/getrootpath","/index/getallhtml","/"]
[info][2018/08/02 07:20:43][function ()]:action map：["/index/addrootpath","/index/delrootpath","/index/getrootpath","/index/getallhtml","/"]
[info][2018/08/02 21:01:41][function ()]:action map：["/index/addrootpath","/index/delrootpath","/index/getrootpath","/index/getallhtml","/"]
[info][2018/08/02 21:07:39][function ()]:action map：["/index/addrootpath","/index/delrootpath","/index/getrootpath","/index/getallhtml","/"]
[info][2018/08/02 21:07:42][function ()]:action map：["/index/addrootpath","/index/delrootpath","/index/getrootpath","/index/getallhtml","/"]
[info][2018/08/02 21:08:15][function ()]:action map：["/index/addrootpath","/index/delrootpath","/index/getrootpath","/index/getallhtml","/"]
[info][2018/08/02 21:08:33][function ()]:action map：["/index/addrootpath","/index/delrootpath","/index/getrootpath","/index/getallhtml","/"]
[info][2018/08/02 21:09:05][function ()]:action map：["/index/addrootpath","/index/delrootpath","/index/getrootpath","/index/getallhtml","/"]
[info][2018/08/02 21:09:12][function ()]:action map：["/index/addrootpath","/index/delrootpath","/index/getrootpath","/index/getallhtml","/"]
[info][2018/08/02 21:14:30][function ()]:action map：["/index/addrootpath","/index/delrootpath","/index/getrootpath","/index/getallhtml","/"]
[info][2018/08/02 21:14:51][function ()]:action map：["/index/addrootpath","/index/delrootpath","/index/getrootpath","/index/getallhtml","/"]
[info][2018/08/02 21:15:52][function ()]:action map：["/index/addrootpath","/index/delrootpath","/index/getrootpath","/index/getallhtml","/"]
[info][2018/08/02 21:18:46][function ()]:action map：["/index/addrootpath","/index/delrootpath","/index/getrootpath","/index/getallhtml","/"]
[info][2018/08/02 21:20:43][function ()]:action map：["/index/addrootpath","/index/delrootpath","/index/getrootpath","/index/getallhtml","/"]
[info][2018/08/02 21:20:43][function ()]:action map：["/index/addrootpath","/index/delrootpath","/index/getrootpath","/index/getallhtml","/"]
[info][2018/08/02 21:22:40][function ()]:action map：["/index/addrootpath","/index/delrootpath","/index/getrootpath","/index/getallhtml","/"]
[info][2018/08/02 21:54:43][function ()]:action map：["/index/addrootpath","/index/delrootpath","/index/getrootpath","/index/getallhtml","/"]
[info][2018/08/04 06:44:45][function ()]:action map：["/index/addrootpath","/index/delrootpath","/index/getrootpath","/index/getallhtml","/"]
[info][2018/08/04 17:34:53][function ()]:action map：["/index/addrootpath","/index/delrootpath","/index/getrootpath","/index/getallhtml","/"]
[info][2018/08/06 21:31:51][function ()]:action map：["/global/refreshaction","/global/refreshconfigcache","/global/restartrapserver","/index/addrootpath","/index/clearhtmlcache","/index/delrootpath","/index/getrootpath","/index/getallhtml","/"]
[info][2018/08/06 21:34:29][function ()]:action map：["/global/refreshaction","/global/refreshconfigcache","/global/restartrapserver","/index/addrootpath","/index/clearhtmlcache","/index/delrootpath","/index/getrootpath","/index/getallhtml","/"]
[info][2018/08/08 07:07:04][function ()]:action map：["/index/addrootpath","/index/clearhtmlcache","/index/delrootpath","/index/getrootpath","/index/getallhtml","/"]
[info][2018/08/08 07:09:07][function ()]:action map：["/index/addrootpath","/index/clearhtmlcache","/index/delrootpath","/index/getrootpath","/index/getallhtml","/"]
[info][2018/08/15 20:47:24][function ()]:action map：["/global/refreshaction","/global/refreshconfigcache","/global/restartrapserver","/index/addrootpath","/index/clearhtmlcache","/index/delrootpath","/index/getrootpath","/index/getallhtml","/index/modifyfilename","/"]
[info][2018/08/18 10:33:52][function ()]:action map：["/global/refreshaction","/global/refreshconfigcache","/global/restartrapserver","/index/addrootpath","/index/clearhtmlcache","/index/delrootpath","/index/getrootpath","/index/getallhtml","/index/modifyfilename","/"]
[info][2018/08/22 21:54:53][function ()]:action map：["/global/refreshaction","/global/refreshconfigcache","/global/restartrapserver","/index/addrootpath","/index/clearhtmlcache","/index/delrootpath","/index/getrootpath","/index/getallhtml","/index/modifyfilename","/"]
[info][2018/09/02 10:00:35][function ()]:action map：["/global/refreshaction","/global/refreshconfigcache","/global/restartrapserver","/index/addrootpath","/index/clearhtmlcache","/index/delrootpath","/index/getrootpath","/index/getallhtml","/index/modifyfilename","/"]
[info][2018/09/08 09:38:52][function ()]:action map：["/global/refreshaction","/global/refreshconfigcache","/global/restartrapserver","/index/addrootpath","/index/clearhtmlcache","/index/delrootpath","/index/getrootpath","/index/getallhtml","/index/modifyfilename","/"]
[info][2018/09/10 21:01:04][function ()]:action map：["/global/refreshaction","/global/refreshconfigcache","/global/restartrapserver","/index/addrootpath","/index/clearhtmlcache","/index/delrootpath","/index/getrootpath","/index/getallhtml","/index/modifyfilename","/"]
[info][2018/09/11 21:06:34][function ()]:action map：["/global/refreshaction","/global/refreshconfigcache","/global/restartrapserver","/index/addrootpath","/index/clearhtmlcache","/index/delrootpath","/index/getrootpath","/index/getallhtml","/index/modifyfilename","/"]
[info][2018/10/08 23:06:23][function ()]:action map：["/global/refreshaction","/global/refreshconfigcache","/global/restartrapserver","/index/addrootpath","/index/clearhtmlcache","/index/delrootpath","/index/getrootpath","/index/getallhtml","/index/modifyfilename","/"]
